============================================================
  Generated by:           Genus(TM) Synthesis Solution 19.12-s121_1
  Generated on:           Jan 27 2023  12:37:35 am
  Module:                 fifo1_sramb
  Technology libraries:   saed32io_wb_ss0p95v125c_2p25v 
                          saed32sramlp_ss0p75v125c_i0p75v 1.0000000
                          saed32pll_ss0p95v125c_2p25v 
                          saed32rvt_ss0p95v125c 1.0000000
  Operating conditions:   _nominal_ (balanced_tree)
  Wireload mode:          enclosed
  Area mode:              timing library
============================================================

Timing
--------

 Clock Period 
--------------
rclk    800.0 
wclk    800.0 
wclk2x  400.0 


  Cost    Critical            Violating 
 Group   Path Slack    TNS      Paths   
----------------------------------------
default    No paths      0.0            
INPUTS          5.0      0.0          0 
OUTPUTS        12.3      0.0          0 
rclk         -113.7   -113.7          1 
wclk          -82.6    -82.6          1 
wclk2x     No paths      0.0            
----------------------------------------
Total                 -196.3          2 

Instance Count
--------------
Leaf Instance Count             554 
Physical Instance count           0 
Sequential Instance Count       104 
Combinational Instance Count    450 
Hierarchical Instance Count       5 

Area
----
Cell Area                          511465.231
Physical Cell Area                 0.000
Total Cell Area (Cell+Physical)    511465.231
Net Area                           0.000
Total Area (Cell+Physical+Net)     511465.231

Max Fanout                         72 (fifomem/n_27)
Min Fanout                         0 (io_b_wrst_n_net)
Average Fanout                     2.7
Terms to net ratio                 4.1304
Terms to instance ratio            4.2870
Runtime                            245.19523800000002 seconds
Elapsed Runtime                    290 seconds
Genus peak memory usage            1418.82 
Innovus peak memory usage          no_value 
Hostname                           mo.ece.pdx.edu
